{
"contracts\\Agent.sol":{"l":{"36":0,"38":0,"39":0,"42":0,"44":0,"46":0,"47":0,"48":0,"49":0,"50":0,"51":0,"53":0,"54":0,"57":0,"59":0,"60":0,"61":0,"62":0,"64":0,"65":0,"67":0,"73":0,"77":0,"81":0,"85":0,"89":0,"91":0,"93":0,"94":0,"96":0,"100":0,"101":0,"102":0,"103":0,"104":0,"105":0,"107":0,"111":0,"112":0,"113":0,"117":0,"118":0,"120":0,"121":0,"122":0,"123":0,"124":0,"128":0,"131":0,"132":0,"136":0,"137":0,"139":0,"143":0,"147":0,"151":0,"152":0,"153":0,"155":0,"159":0,"163":0,"167":0,"171":0},"path":"F:\\test1\\SwasthyaChain\\app\\contracts\\Agent.sol","s":{"1":0,"2":0,"3":0,"4":0,"5":0,"6":0,"7":0,"8":0,"9":0,"10":0,"11":0,"12":0,"13":0,"14":0,"15":0,"16":0,"17":0,"18":0,"19":0,"20":0,"21":0,"22":0,"23":0,"24":0,"25":0,"26":0,"27":0,"28":0,"29":0,"30":0,"31":0,"32":0,"33":0,"34":0,"35":0,"36":0,"37":0,"38":0,"39":0,"40":0,"41":0,"42":0,"43":0,"44":0,"45":0,"46":0,"47":0,"48":0,"49":0},"b":{"1":[0,0],"2":[0,0],"3":[0,0],"4":[0,0],"5":[0,0],"6":[0,0],"7":[0,0],"8":[0,0],"9":[0,0],"10":[0,0],"11":[0,0]},"f":{"1":0,"2":0,"3":0,"4":0,"5":0,"6":0,"7":0,"8":0,"9":0,"10":0,"11":0,"12":0,"13":0,"14":0,"15":0,"16":0},"fnMap":{"1":{"name":"add_agent","line":35,"loc":{"start":{"line":35,"column":4},"end":{"line":69,"column":0}}},"2":{"name":"log","line":72,"loc":{"start":{"line":72,"column":4},"end":{"line":74,"column":4}}},"3":{"name":"get_patient","line":76,"loc":{"start":{"line":76,"column":4},"end":{"line":78,"column":4}}},"4":{"name":"get_doctor","line":80,"loc":{"start":{"line":80,"column":4},"end":{"line":82,"column":4}}},"5":{"name":"get_patient_doctor_name","line":84,"loc":{"start":{"line":84,"column":4},"end":{"line":86,"column":4}}},"6":{"name":"permit_access","line":88,"loc":{"start":{"line":88,"column":4},"end":{"line":97,"column":4}}},"7":{"name":"insurance_claim","line":99,"loc":{"start":{"line":99,"column":4},"end":{"line":114,"column":4}}},"8":{"name":"remove_element_in_array","line":116,"loc":{"start":{"line":116,"column":4},"end":{"line":133,"column":4}}},"9":{"name":"remove_patient","line":135,"loc":{"start":{"line":135,"column":4},"end":{"line":140,"column":4}}},"10":{"name":"get_accessed_doctorlist_for_patient","line":142,"loc":{"start":{"line":142,"column":4},"end":{"line":144,"column":4}}},"11":{"name":"get_accessed_patientlist_for_doctor","line":146,"loc":{"start":{"line":146,"column":4},"end":{"line":148,"column":4}}},"12":{"name":"revoke_access","line":150,"loc":{"start":{"line":150,"column":4},"end":{"line":156,"column":4}}},"13":{"name":"get_patient_list","line":158,"loc":{"start":{"line":158,"column":4},"end":{"line":160,"column":4}}},"14":{"name":"get_doctor_list","line":162,"loc":{"start":{"line":162,"column":4},"end":{"line":164,"column":4}}},"15":{"name":"get_hash","line":166,"loc":{"start":{"line":166,"column":4},"end":{"line":168,"column":4}}},"16":{"name":"set_hash","line":170,"loc":{"start":{"line":170,"column":4},"end":{"line":172,"column":4}}}},"statementMap":{"1":{"start":{"line":36,"column":4},"end":{"line":36,"column":29}},"2":{"start":{"line":38,"column":4},"end":{"line":38,"column":78}},"3":{"start":{"line":39,"column":4},"end":{"line":39,"column":36}},"4":{"start":{"line":42,"column":4},"end":{"line":42,"column":1274}},"5":{"start":{"line":44,"column":8},"end":{"line":44,"column":71}},"6":{"start":{"line":46,"column":8},"end":{"line":46,"column":24}},"7":{"start":{"line":51,"column":8},"end":{"line":51,"column":29}},"8":{"start":{"line":53,"column":8},"end":{"line":53,"column":50}},"9":{"start":{"line":54,"column":8},"end":{"line":54,"column":20}},"10":{"start":{"line":55,"column":11},"end":{"line":55,"column":1736}},"11":{"start":{"line":57,"column":8},"end":{"line":57,"column":64}},"12":{"start":{"line":59,"column":8},"end":{"line":59,"column":43}},"13":{"start":{"line":62,"column":8},"end":{"line":62,"column":28}},"14":{"start":{"line":64,"column":8},"end":{"line":64,"column":50}},"15":{"start":{"line":65,"column":8},"end":{"line":65,"column":20}},"16":{"start":{"line":67,"column":8},"end":{"line":67,"column":37}},"17":{"start":{"line":73,"column":8},"end":{"line":73,"column":33}},"18":{"start":{"line":77,"column":8},"end":{"line":77,"column":130}},"19":{"start":{"line":81,"column":8},"end":{"line":81,"column":60}},"20":{"start":{"line":85,"column":8},"end":{"line":85,"column":64}},"21":{"start":{"line":89,"column":8},"end":{"line":89,"column":84}},"22":{"start":{"line":93,"column":8},"end":{"line":93,"column":58}},"23":{"start":{"line":94,"column":8},"end":{"line":94,"column":58}},"24":{"start":{"line":96,"column":8},"end":{"line":96,"column":44}},"25":{"start":{"line":100,"column":8},"end":{"line":100,"column":33}},"26":{"start":{"line":101,"column":8},"end":{"line":101,"column":3405}},"27":{"start":{"line":102,"column":12},"end":{"line":102,"column":3499}},"28":{"start":{"line":103,"column":16},"end":{"line":103,"column":43}},"29":{"start":{"line":107,"column":16},"end":{"line":107,"column":82}},"30":{"start":{"line":111,"column":8},"end":{"line":111,"column":73}},"31":{"start":{"line":112,"column":8},"end":{"line":112,"column":29}},"32":{"start":{"line":113,"column":8},"end":{"line":113,"column":40}},"33":{"start":{"line":117,"column":8},"end":{"line":117,"column":26}},"34":{"start":{"line":118,"column":8},"end":{"line":118,"column":26}},"35":{"start":{"line":120,"column":8},"end":{"line":120,"column":4117}},"36":{"start":{"line":121,"column":12},"end":{"line":121,"column":4176}},"37":{"start":{"line":128,"column":8},"end":{"line":128,"column":51}},"38":{"start":{"line":132,"column":8},"end":{"line":132,"column":18}},"39":{"start":{"line":136,"column":8},"end":{"line":136,"column":74}},"40":{"start":{"line":137,"column":8},"end":{"line":137,"column":74}},"41":{"start":{"line":139,"column":8},"end":{"line":139,"column":40}},"42":{"start":{"line":143,"column":8},"end":{"line":143,"column":49}},"43":{"start":{"line":147,"column":8},"end":{"line":147,"column":49}},"44":{"start":{"line":151,"column":8},"end":{"line":151,"column":40}},"45":{"start":{"line":152,"column":8},"end":{"line":152,"column":35}},"46":{"start":{"line":155,"column":8},"end":{"line":155,"column":45}},"47":{"start":{"line":159,"column":8},"end":{"line":159,"column":26}},"48":{"start":{"line":163,"column":8},"end":{"line":163,"column":25}},"49":{"start":{"line":167,"column":8},"end":{"line":167,"column":40}}},"branchMap":{"1":{"line":38,"type":"if","locations":[{"start":{"line":38,"column":4},"end":{"line":38,"column":4}},{"start":{"line":38,"column":4},"end":{"line":38,"column":4}}]},"2":{"line":39,"type":"if","locations":[{"start":{"line":39,"column":4},"end":{"line":39,"column":4}},{"start":{"line":39,"column":4},"end":{"line":39,"column":4}}]},"3":{"line":42,"type":"if","locations":[{"start":{"line":42,"column":4},"end":{"line":42,"column":4}},{"start":{"line":42,"column":4},"end":{"line":42,"column":4}}]},"4":{"line":44,"type":"if","locations":[{"start":{"line":44,"column":8},"end":{"line":44,"column":8}},{"start":{"line":44,"column":8},"end":{"line":44,"column":8}}]},"5":{"line":55,"type":"if","locations":[{"start":{"line":55,"column":11},"end":{"line":55,"column":11}},{"start":{"line":55,"column":11},"end":{"line":55,"column":11}}]},"6":{"line":57,"type":"if","locations":[{"start":{"line":57,"column":8},"end":{"line":57,"column":8}},{"start":{"line":57,"column":8},"end":{"line":57,"column":8}}]},"7":{"line":89,"type":"if","locations":[{"start":{"line":89,"column":8},"end":{"line":89,"column":8}},{"start":{"line":89,"column":8},"end":{"line":89,"column":8}}]},"8":{"line":102,"type":"if","locations":[{"start":{"line":102,"column":12},"end":{"line":102,"column":12}},{"start":{"line":102,"column":12},"end":{"line":102,"column":12}}]},"9":{"line":111,"type":"if","locations":[{"start":{"line":111,"column":8},"end":{"line":111,"column":8}},{"start":{"line":111,"column":8},"end":{"line":111,"column":8}}]},"10":{"line":121,"type":"if","locations":[{"start":{"line":121,"column":12},"end":{"line":121,"column":12}},{"start":{"line":121,"column":12},"end":{"line":121,"column":12}}]},"11":{"line":128,"type":"if","locations":[{"start":{"line":128,"column":8},"end":{"line":128,"column":8}},{"start":{"line":128,"column":8},"end":{"line":128,"column":8}}]}}}}
