TN:
SF:F:\test1\SwasthyaChain\app\contracts\Agent.sol
FN:35,add_agent
FN:72,log
FN:76,get_patient
FN:80,get_doctor
FN:84,get_patient_doctor_name
FN:88,permit_access
FN:99,insurance_claim
FN:116,remove_element_in_array
FN:135,remove_patient
FN:142,get_accessed_doctorlist_for_patient
FN:146,get_accessed_patientlist_for_doctor
FN:150,revoke_access
FN:158,get_patient_list
FN:162,get_doctor_list
FN:166,get_hash
FN:170,set_hash
FNF:16
FNH:0
FNDA:0,add_agent
FNDA:0,log
FNDA:0,get_patient
FNDA:0,get_doctor
FNDA:0,get_patient_doctor_name
FNDA:0,permit_access
FNDA:0,insurance_claim
FNDA:0,remove_element_in_array
FNDA:0,remove_patient
FNDA:0,get_accessed_doctorlist_for_patient
FNDA:0,get_accessed_patientlist_for_doctor
FNDA:0,revoke_access
FNDA:0,get_patient_list
FNDA:0,get_doctor_list
FNDA:0,get_hash
FNDA:0,set_hash
DA:36,0
DA:38,0
DA:39,0
DA:42,0
DA:44,0
DA:46,0
DA:47,0
DA:48,0
DA:49,0
DA:50,0
DA:51,0
DA:53,0
DA:54,0
DA:57,0
DA:59,0
DA:60,0
DA:61,0
DA:62,0
DA:64,0
DA:65,0
DA:67,0
DA:73,0
DA:77,0
DA:81,0
DA:85,0
DA:89,0
DA:91,0
DA:93,0
DA:94,0
DA:96,0
DA:100,0
DA:101,0
DA:102,0
DA:103,0
DA:104,0
DA:105,0
DA:107,0
DA:111,0
DA:112,0
DA:113,0
DA:117,0
DA:118,0
DA:120,0
DA:121,0
DA:122,0
DA:123,0
DA:124,0
DA:128,0
DA:131,0
DA:132,0
DA:136,0
DA:137,0
DA:139,0
DA:143,0
DA:147,0
DA:151,0
DA:152,0
DA:153,0
DA:155,0
DA:159,0
DA:163,0
DA:167,0
DA:171,0
LF:63
LH:0
BRDA:38,1,0,0
BRDA:38,1,1,0
BRDA:39,2,0,0
BRDA:39,2,1,0
BRDA:42,3,0,0
BRDA:42,3,1,0
BRDA:44,4,0,0
BRDA:44,4,1,0
BRDA:55,5,0,0
BRDA:55,5,1,0
BRDA:57,6,0,0
BRDA:57,6,1,0
BRDA:89,7,0,0
BRDA:89,7,1,0
BRDA:102,8,0,0
BRDA:102,8,1,0
BRDA:111,9,0,0
BRDA:111,9,1,0
BRDA:121,10,0,0
BRDA:121,10,1,0
BRDA:128,11,0,0
BRDA:128,11,1,0
BRF:22
BRH:0
end_of_record
